<?xml version="1.0" encoding="UTF-8"?>
<!-- Generated by org.testng.reporters.JUnitXMLReporter -->
<testsuite ignored="0" hostname="Ahmet571" failures="0" tests="4" name="Default test" time="0.199" errors="0" timestamp="2019-10-28T14:29:12 CET">
  <testcase classname="demo.TestNGGroupDemo" name="test1" time="0.035"/>
  <testcase classname="demo.TestNGGroupDemo" name="test2" time="0.005"/>
  <testcase classname="demo.TestNGGroupDemo" name="test3" time="0.008"/>
  <testcase classname="demo.TestNGGroupDemo" name="test4" time="0.013"/>
</testsuite> <!-- Default test -->
